Analysis & Synthesis report for g09_lab2
Fri Feb 21 21:33:17 2014
Quartus II 64-Bit Version 9.1 Build 350 03/24/2010 Service Pack 2 SJ Full Version


---------------------
; Table of Contents ;
---------------------
  1. Legal Notice
  2. Analysis & Synthesis Summary
  3. Analysis & Synthesis Settings
  4. Parallel Compilation
  5. Analysis & Synthesis Source Files Read
  6. Analysis & Synthesis Resource Usage Summary
  7. Analysis & Synthesis Resource Utilization by Entity
  8. Analysis & Synthesis RAM Summary
  9. General Register Statistics
 10. Source assignments for LPM_ROM:crc_rom|altrom:srom|altsyncram:rom_block|altsyncram_qs01:auto_generated
 11. Parameter Settings for User Entity Instance: LPM_ROM:crc_rom
 12. Analysis & Synthesis Messages



----------------
; Legal Notice ;
----------------
Copyright (C) 1991-2010 Altera Corporation
Your use of Altera Corporation's design tools, logic functions 
and other software and tools, and its AMPP partner logic 
functions, and any output files from any of the foregoing 
(including device programming or simulation files), and any 
associated documentation or information are expressly subject 
to the terms and conditions of the Altera Program License 
Subscription Agreement, Altera MegaCore Function License 
Agreement, or other applicable license agreement, including, 
without limitation, that your use is for the sole purpose of 
programming logic devices manufactured by Altera and sold by 
Altera or its authorized distributors.  Please refer to the 
applicable agreement for further details.



+------------------------------------------------------------------------------------+
; Analysis & Synthesis Summary                                                       ;
+------------------------------------+-----------------------------------------------+
; Analysis & Synthesis Status        ; Successful - Fri Feb 21 21:33:17 2014         ;
; Quartus II 64-Bit Version          ; 9.1 Build 350 03/24/2010 SP 2 SJ Full Version ;
; Revision Name                      ; g09_lab2                                      ;
; Top-level Entity Name              ; g09_binary_to_BCD                             ;
; Family                             ; Cyclone II                                    ;
; Total logic elements               ; 0                                             ;
;     Total combinational functions  ; 0                                             ;
;     Dedicated logic registers      ; 0                                             ;
; Total registers                    ; 0                                             ;
; Total pins                         ; 15                                            ;
; Total virtual pins                 ; 0                                             ;
; Total memory bits                  ; 512                                           ;
; Embedded Multiplier 9-bit elements ; 0                                             ;
; Total PLLs                         ; 0                                             ;
+------------------------------------+-----------------------------------------------+


+----------------------------------------------------------------------------------------------------------------------+
; Analysis & Synthesis Settings                                                                                        ;
+----------------------------------------------------------------------------+--------------------+--------------------+
; Option                                                                     ; Setting            ; Default Value      ;
+----------------------------------------------------------------------------+--------------------+--------------------+
; Device                                                                     ; EP2C20F484C7       ;                    ;
; Top-level entity name                                                      ; g09_binary_to_BCD  ; g09_lab2           ;
; Family name                                                                ; Cyclone II         ; Stratix II         ;
; Use Generated Physical Constraints File                                    ; Off                ;                    ;
; Use smart compilation                                                      ; Off                ; Off                ;
; Enable parallel Assembler and TimeQuest Timing Analyzer during compilation ; On                 ; On                 ;
; Enable compact report table                                                ; Off                ; Off                ;
; Restructure Multiplexers                                                   ; Auto               ; Auto               ;
; Create Debugging Nodes for IP Cores                                        ; Off                ; Off                ;
; Preserve fewer node names                                                  ; On                 ; On                 ;
; Disable OpenCore Plus hardware evaluation                                  ; Off                ; Off                ;
; Verilog Version                                                            ; Verilog_2001       ; Verilog_2001       ;
; VHDL Version                                                               ; VHDL_1993          ; VHDL_1993          ;
; State Machine Processing                                                   ; Auto               ; Auto               ;
; Safe State Machine                                                         ; Off                ; Off                ;
; Extract Verilog State Machines                                             ; On                 ; On                 ;
; Extract VHDL State Machines                                                ; On                 ; On                 ;
; Ignore Verilog initial constructs                                          ; Off                ; Off                ;
; Iteration limit for constant Verilog loops                                 ; 5000               ; 5000               ;
; Iteration limit for non-constant Verilog loops                             ; 250                ; 250                ;
; Add Pass-Through Logic to Inferred RAMs                                    ; On                 ; On                 ;
; Parallel Synthesis                                                         ; On                 ; On                 ;
; DSP Block Balancing                                                        ; Auto               ; Auto               ;
; NOT Gate Push-Back                                                         ; On                 ; On                 ;
; Power-Up Don't Care                                                        ; On                 ; On                 ;
; Remove Redundant Logic Cells                                               ; Off                ; Off                ;
; Remove Duplicate Registers                                                 ; On                 ; On                 ;
; Ignore CARRY Buffers                                                       ; Off                ; Off                ;
; Ignore CASCADE Buffers                                                     ; Off                ; Off                ;
; Ignore GLOBAL Buffers                                                      ; Off                ; Off                ;
; Ignore ROW GLOBAL Buffers                                                  ; Off                ; Off                ;
; Ignore LCELL Buffers                                                       ; Off                ; Off                ;
; Ignore SOFT Buffers                                                        ; On                 ; On                 ;
; Limit AHDL Integers to 32 Bits                                             ; Off                ; Off                ;
; Optimization Technique                                                     ; Balanced           ; Balanced           ;
; Carry Chain Length                                                         ; 70                 ; 70                 ;
; Auto Carry Chains                                                          ; On                 ; On                 ;
; Auto Open-Drain Pins                                                       ; On                 ; On                 ;
; Perform WYSIWYG Primitive Resynthesis                                      ; Off                ; Off                ;
; Auto ROM Replacement                                                       ; On                 ; On                 ;
; Auto RAM Replacement                                                       ; On                 ; On                 ;
; Auto Shift Register Replacement                                            ; Auto               ; Auto               ;
; Auto Clock Enable Replacement                                              ; On                 ; On                 ;
; Strict RAM Replacement                                                     ; Off                ; Off                ;
; Allow Synchronous Control Signals                                          ; On                 ; On                 ;
; Force Use of Synchronous Clear Signals                                     ; Off                ; Off                ;
; Auto RAM to Logic Cell Conversion                                          ; Off                ; Off                ;
; Auto Resource Sharing                                                      ; Off                ; Off                ;
; Allow Any RAM Size For Recognition                                         ; Off                ; Off                ;
; Allow Any ROM Size For Recognition                                         ; Off                ; Off                ;
; Allow Any Shift Register Size For Recognition                              ; Off                ; Off                ;
; Use LogicLock Constraints during Resource Balancing                        ; On                 ; On                 ;
; Ignore translate_off and synthesis_off directives                          ; Off                ; Off                ;
; Timing-Driven Synthesis                                                    ; Off                ; Off                ;
; Show Parameter Settings Tables in Synthesis Report                         ; On                 ; On                 ;
; Ignore Maximum Fan-Out Assignments                                         ; Off                ; Off                ;
; Synchronization Register Chain Length                                      ; 2                  ; 2                  ;
; PowerPlay Power Optimization                                               ; Normal compilation ; Normal compilation ;
; HDL message level                                                          ; Level2             ; Level2             ;
; Suppress Register Optimization Related Messages                            ; Off                ; Off                ;
; Number of Removed Registers Reported in Synthesis Report                   ; 5000               ; 5000               ;
; Number of Inverted Registers Reported in Synthesis Report                  ; 100                ; 100                ;
; Clock MUX Protection                                                       ; On                 ; On                 ;
; Auto Gated Clock Conversion                                                ; Off                ; Off                ;
; Block Design Naming                                                        ; Auto               ; Auto               ;
; SDC constraint protection                                                  ; Off                ; Off                ;
; Synthesis Effort                                                           ; Auto               ; Auto               ;
; Shift Register Replacement - Allow Asynchronous Clear Signal               ; On                 ; On                 ;
; Analysis & Synthesis Message Level                                         ; Medium             ; Medium             ;
; Disable Register Merging Across Hierarchies                                ; Auto               ; Auto               ;
; Resource Aware Inference For Block RAM                                     ; On                 ; On                 ;
+----------------------------------------------------------------------------+--------------------+--------------------+


+------------------------------------------+
; Parallel Compilation                     ;
+----------------------------+-------------+
; Processors                 ; Number      ;
+----------------------------+-------------+
; Number detected on machine ; 4           ;
; Maximum allowed            ; 4           ;
;                            ;             ;
; Average used               ; 1.00        ;
; Maximum used               ; 1           ;
;                            ;             ;
; Usage by Processor         ; % Time Used ;
;     1 processor            ; 100.0%      ;
;     2-4 processors         ;   0.0%      ;
+----------------------------+-------------+


+--------------------------------------------------------------------------------------------------------------------------------------------------------+
; Analysis & Synthesis Source Files Read                                                                                                                 ;
+----------------------------------+-----------------+----------------------------------+----------------------------------------------------------------+
; File Name with User-Entered Path ; Used in Netlist ; File Type                        ; File Name with Absolute Path                                   ;
+----------------------------------+-----------------+----------------------------------+----------------------------------------------------------------+
; g09_lookuptable.mif              ; yes             ; User Memory Initialization File  ; C:/altera/91sp2/quartus/g09_lab2/g09_lookuptable.mif           ;
; g09_binary_to_BCD.vhd            ; yes             ; User VHDL File                   ; C:/altera/91sp2/quartus/g09_lab2/g09_binary_to_BCD.vhd         ;
; lpm_rom.tdf                      ; yes             ; Megafunction                     ; c:/altera/91sp2/quartus/libraries/megafunctions/lpm_rom.tdf    ;
; altrom.tdf                       ; yes             ; Megafunction                     ; c:/altera/91sp2/quartus/libraries/megafunctions/altrom.tdf     ;
; altsyncram.tdf                   ; yes             ; Megafunction                     ; c:/altera/91sp2/quartus/libraries/megafunctions/altsyncram.tdf ;
; db/altsyncram_qs01.tdf           ; yes             ; Auto-Generated Megafunction      ; C:/altera/91sp2/quartus/g09_lab2/db/altsyncram_qs01.tdf        ;
+----------------------------------+-----------------+----------------------------------+----------------------------------------------------------------+


+-----------------------------------------------------+
; Analysis & Synthesis Resource Usage Summary         ;
+---------------------------------------------+-------+
; Resource                                    ; Usage ;
+---------------------------------------------+-------+
;                                             ;       ;
; Total combinational functions               ; 0     ;
; Logic element usage by number of LUT inputs ;       ;
;     -- 4 input functions                    ; 0     ;
;     -- 3 input functions                    ; 0     ;
;     -- <=2 input functions                  ; 0     ;
;                                             ;       ;
; Logic elements by mode                      ;       ;
;     -- normal mode                          ; 0     ;
;     -- arithmetic mode                      ; 0     ;
;                                             ;       ;
; Total registers                             ; 0     ;
;     -- Dedicated logic registers            ; 0     ;
;     -- I/O registers                        ; 0     ;
;                                             ;       ;
; I/O pins                                    ; 15    ;
; Total memory bits                           ; 512   ;
; Maximum fan-out node                        ; clock ;
; Maximum fan-out                             ; 8     ;
; Total fan-out                               ; 64    ;
; Average fan-out                             ; 2.78  ;
+---------------------------------------------+-------+


+------------------------------------------------------------------------------------------------------------------------------------------------------------------------------------------------------------------------------------------------------------------------------+
; Analysis & Synthesis Resource Utilization by Entity                                                                                                                                                                                                                          ;
+----------------------------------------------+-------------------+--------------+-------------+--------------+---------+-----------+------+--------------+----------------------------------------------------------------------------------------------------+--------------+
; Compilation Hierarchy Node                   ; LC Combinationals ; LC Registers ; Memory Bits ; DSP Elements ; DSP 9x9 ; DSP 18x18 ; Pins ; Virtual Pins ; Full Hierarchy Name                                                                                ; Library Name ;
+----------------------------------------------+-------------------+--------------+-------------+--------------+---------+-----------+------+--------------+----------------------------------------------------------------------------------------------------+--------------+
; |g09_binary_to_BCD                           ; 0 (0)             ; 0 (0)        ; 512         ; 0            ; 0       ; 0         ; 15   ; 0            ; |g09_binary_to_BCD                                                                                 ; work         ;
;    |lpm_rom:crc_rom|                         ; 0 (0)             ; 0 (0)        ; 512         ; 0            ; 0       ; 0         ; 0    ; 0            ; |g09_binary_to_BCD|lpm_rom:crc_rom                                                                 ;              ;
;       |altrom:srom|                          ; 0 (0)             ; 0 (0)        ; 512         ; 0            ; 0       ; 0         ; 0    ; 0            ; |g09_binary_to_BCD|lpm_rom:crc_rom|altrom:srom                                                     ;              ;
;          |altsyncram:rom_block|              ; 0 (0)             ; 0 (0)        ; 512         ; 0            ; 0       ; 0         ; 0    ; 0            ; |g09_binary_to_BCD|lpm_rom:crc_rom|altrom:srom|altsyncram:rom_block                                ;              ;
;             |altsyncram_qs01:auto_generated| ; 0 (0)             ; 0 (0)        ; 512         ; 0            ; 0       ; 0         ; 0    ; 0            ; |g09_binary_to_BCD|lpm_rom:crc_rom|altrom:srom|altsyncram:rom_block|altsyncram_qs01:auto_generated ;              ;
+----------------------------------------------+-------------------+--------------+-------------+--------------+---------+-----------+------+--------------+----------------------------------------------------------------------------------------------------+--------------+
Note: For table entries with two numbers listed, the numbers in parentheses indicate the number of resources of the given type used by the specific entity alone. The numbers listed outside of parentheses indicate the total resources of the given type used by the specific entity and all of its sub-entities in the hierarchy.


+---------------------------------------------------------------------------------------------------------------------------------------------------------------------------------------------------+
; Analysis & Synthesis RAM Summary                                                                                                                                                                  ;
+--------------------------------------------------------------------------------------------+------+------+--------------+--------------+--------------+--------------+------+---------------------+
; Name                                                                                       ; Type ; Mode ; Port A Depth ; Port A Width ; Port B Depth ; Port B Width ; Size ; MIF                 ;
+--------------------------------------------------------------------------------------------+------+------+--------------+--------------+--------------+--------------+------+---------------------+
; lpm_rom:crc_rom|altrom:srom|altsyncram:rom_block|altsyncram_qs01:auto_generated|ALTSYNCRAM ; AUTO ; ROM  ; 64           ; 8            ; --           ; --           ; 512  ; g09_lookuptable.mif ;
+--------------------------------------------------------------------------------------------+------+------+--------------+--------------+--------------+--------------+------+---------------------+


+------------------------------------------------------+
; General Register Statistics                          ;
+----------------------------------------------+-------+
; Statistic                                    ; Value ;
+----------------------------------------------+-------+
; Total registers                              ; 0     ;
; Number of registers using Synchronous Clear  ; 0     ;
; Number of registers using Synchronous Load   ; 0     ;
; Number of registers using Asynchronous Clear ; 0     ;
; Number of registers using Asynchronous Load  ; 0     ;
; Number of registers using Clock Enable       ; 0     ;
; Number of registers using Preset             ; 0     ;
+----------------------------------------------+-------+


+--------------------------------------------------------------------------------------------------------+
; Source assignments for LPM_ROM:crc_rom|altrom:srom|altsyncram:rom_block|altsyncram_qs01:auto_generated ;
+---------------------------------+--------------------+------+------------------------------------------+
; Assignment                      ; Value              ; From ; To                                       ;
+---------------------------------+--------------------+------+------------------------------------------+
; OPTIMIZE_POWER_DURING_SYNTHESIS ; NORMAL_COMPILATION ; -    ; -                                        ;
+---------------------------------+--------------------+------+------------------------------------------+


+---------------------------------------------------------------+
; Parameter Settings for User Entity Instance: LPM_ROM:crc_rom  ;
+------------------------+---------------------+----------------+
; Parameter Name         ; Value               ; Type           ;
+------------------------+---------------------+----------------+
; LPM_WIDTH              ; 8                   ; Signed Integer ;
; LPM_WIDTHAD            ; 6                   ; Signed Integer ;
; LPM_NUMWORDS           ; 64                  ; Signed Integer ;
; LPM_ADDRESS_CONTROL    ; REGISTERED          ; Untyped        ;
; LPM_OUTDATA            ; UNREGISTERED        ; Untyped        ;
; LPM_FILE               ; g09_lookuptable.mif ; Untyped        ;
; DEVICE_FAMILY          ; Cyclone II          ; Untyped        ;
; AUTO_CARRY_CHAINS      ; ON                  ; AUTO_CARRY     ;
; IGNORE_CARRY_BUFFERS   ; OFF                 ; IGNORE_CARRY   ;
; AUTO_CASCADE_CHAINS    ; ON                  ; AUTO_CASCADE   ;
; IGNORE_CASCADE_BUFFERS ; OFF                 ; IGNORE_CASCADE ;
+------------------------+---------------------+----------------+
Note: In order to hide this table in the UI and the text report file, please set the "Show Parameter Settings Tables in Synthesis Report" option in "Analysis and Synthesis Settings -> More Settings" to "Off".


+-------------------------------+
; Analysis & Synthesis Messages ;
+-------------------------------+
Info: *******************************************************************
Info: Running Quartus II 64-Bit Analysis & Synthesis
    Info: Version 9.1 Build 350 03/24/2010 Service Pack 2 SJ Full Version
    Info: Processing started: Fri Feb 21 21:33:14 2014
Info: Command: quartus_map --read_settings_files=on --write_settings_files=off g09_lab2 -c g09_lab2
Info: Parallel compilation is enabled and will use 4 of the 4 processors detected
Info: Found 2 design units, including 1 entities, in source file mult1.vhd
    Info: Found design unit 1: mult1-SYN
    Info: Found entity 1: mult1
Info: Found 2 design units, including 1 entities, in source file g09_dayseconds.vhd
    Info: Found design unit 1: g09_dayseconds-implementation
    Info: Found entity 1: g09_dayseconds
Info: Found 1 design units, including 1 entities, in source file g09_dayseconds_sch.bdf
    Info: Found entity 1: g09_dayseconds_sch
Info: Found 2 design units, including 1 entities, in source file g09_7_segment_decoder.vhd
    Info: Found design unit 1: g09_7_segment_decoder-implementation
    Info: Found entity 1: g09_7_segment_decoder
Info: Found 2 design units, including 1 entities, in source file g09_binary_to_bcd.vhd
    Info: Found design unit 1: g09_binary_to_BCD-impl
    Info: Found entity 1: g09_binary_to_BCD
Info: Found 2 design units, including 1 entities, in source file g09_bcd_to_7_segment_decoder.vhd
    Info: Found design unit 1: g09_BCD_to_7_segment_decoder-implementation
    Info: Found entity 1: g09_BCD_to_7_segment_decoder
Info: Found 1 design units, including 1 entities, in source file g09_bcd_to_7_segment_decoder_block.bdf
    Info: Found entity 1: g09_BCD_to_7_segment_decoder_block
Info: Elaborating entity "g09_binary_to_BCD" for the top level hierarchy
Info: Elaborating entity "LPM_ROM" for hierarchy "LPM_ROM:crc_rom"
Info: Elaborated megafunction instantiation "LPM_ROM:crc_rom"
Info: Instantiated megafunction "LPM_ROM:crc_rom" with the following parameter:
    Info: Parameter "LPM_WIDTH" = "8"
    Info: Parameter "LPM_WIDTHAD" = "6"
    Info: Parameter "LPM_NUMWORDS" = "64"
    Info: Parameter "LPM_ADDRESS_CONTROL" = "REGISTERED"
    Info: Parameter "LPM_OUTDATA" = "UNREGISTERED"
    Info: Parameter "LPM_FILE" = "g09_lookuptable.mif"
    Info: Parameter "LPM_TYPE" = "LPM_ROM"
    Info: Parameter "INTENDED_DEVICE_FAMILY" = "UNUSED"
    Info: Parameter "LPM_HINT" = "UNUSED"
Info: Elaborating entity "altrom" for hierarchy "LPM_ROM:crc_rom|altrom:srom"
Info: Elaborated megafunction instantiation "LPM_ROM:crc_rom|altrom:srom", which is child of megafunction instantiation "LPM_ROM:crc_rom"
Info: Elaborating entity "altsyncram" for hierarchy "LPM_ROM:crc_rom|altrom:srom|altsyncram:rom_block"
Info: Elaborated megafunction instantiation "LPM_ROM:crc_rom|altrom:srom|altsyncram:rom_block", which is child of megafunction instantiation "LPM_ROM:crc_rom"
Info: Found 1 design units, including 1 entities, in source file db/altsyncram_qs01.tdf
    Info: Found entity 1: altsyncram_qs01
Info: Elaborating entity "altsyncram_qs01" for hierarchy "LPM_ROM:crc_rom|altrom:srom|altsyncram:rom_block|altsyncram_qs01:auto_generated"
Warning: Always-enabled tri-state buffer(s) removed
    Warning: Converted the fanout from the always-enabled tri-state buffer "lpm_rom:crc_rom|otri[0]" to the node "BCD[0]" into a wire
    Warning: Converted the fanout from the always-enabled tri-state buffer "lpm_rom:crc_rom|otri[1]" to the node "BCD[1]" into a wire
    Warning: Converted the fanout from the always-enabled tri-state buffer "lpm_rom:crc_rom|otri[2]" to the node "BCD[2]" into a wire
    Warning: Converted the fanout from the always-enabled tri-state buffer "lpm_rom:crc_rom|otri[3]" to the node "BCD[3]" into a wire
    Warning: Converted the fanout from the always-enabled tri-state buffer "lpm_rom:crc_rom|otri[4]" to the node "BCD[4]" into a wire
    Warning: Converted the fanout from the always-enabled tri-state buffer "lpm_rom:crc_rom|otri[5]" to the node "BCD[5]" into a wire
    Warning: Converted the fanout from the always-enabled tri-state buffer "lpm_rom:crc_rom|otri[6]" to the node "BCD[6]" into a wire
    Warning: Converted the fanout from the always-enabled tri-state buffer "lpm_rom:crc_rom|otri[7]" to the node "BCD[7]" into a wire
Warning: Ignored assignments for entity "g09_lab2" -- entity does not exist in design
    Warning: Assignment for entity set_global_assignment -name LL_ROOT_REGION ON -entity g09_lab2 -section_id "Root Region" was ignored
    Warning: Assignment for entity set_global_assignment -name LL_MEMBER_STATE LOCKED -entity g09_lab2 -section_id "Root Region" was ignored
Info: Implemented 23 device resources after synthesis - the final resource count might be different
    Info: Implemented 7 input pins
    Info: Implemented 8 output pins
    Info: Implemented 8 RAM segments
Info: Quartus II 64-Bit Analysis & Synthesis was successful. 0 errors, 12 warnings
    Info: Peak virtual memory: 319 megabytes
    Info: Processing ended: Fri Feb 21 21:33:17 2014
    Info: Elapsed time: 00:00:03
    Info: Total CPU time (on all processors): 00:00:01


